<?xml version="1.0" encoding="UTF-8"?>
<!-- Generated by org.testng.reporters.JUnitReportReporter -->
<testsuite skipped="0" hostname="ARAVINDA-DELL-PERSONAL" name="com.ita.selenium.actitime.test.HelloWorldWD" tests="1" failures="0" timestamp="2020-07-23T23:10:05 IST" time="18.440" errors="0">
  <testcase name="helloTest" time="18.440" classname="com.ita.selenium.actitime.test.HelloWorldWD"/>
  <system-out/>
</testsuite> <!-- com.ita.selenium.actitime.test.HelloWorldWD -->
